[2023-12-14T12:19:03.426+0000] {logging_mixin.py:154} INFO - Changing /opt/***/logs/dag_id=air_quality/run_id=manual__2023-12-14T12:19:02.268273+00:00/task_id=response permission to 509
[2023-12-14T12:19:03.427+0000] {logging_mixin.py:154} INFO - Failed to change /opt/***/logs/dag_id=air_quality/run_id=manual__2023-12-14T12:19:02.268273+00:00/task_id=response permission to 509: [Errno 1] Operation not permitted: '/opt/***/logs/dag_id=air_quality/run_id=manual__2023-12-14T12:19:02.268273+00:00/task_id=response'
[2023-12-14T12:19:03.478+0000] {logging_mixin.py:154} INFO - Changing /opt/***/logs/dag_id=air_quality/run_id=manual__2023-12-14T12:19:02.268273+00:00/task_id=response permission to 509
[2023-12-14T12:19:03.479+0000] {logging_mixin.py:154} INFO - Failed to change /opt/***/logs/dag_id=air_quality/run_id=manual__2023-12-14T12:19:02.268273+00:00/task_id=response permission to 509: [Errno 1] Operation not permitted: '/opt/***/logs/dag_id=air_quality/run_id=manual__2023-12-14T12:19:02.268273+00:00/task_id=response'
[2023-12-14T12:19:03.516+0000] {taskinstance.py:1159} INFO - Dependencies all met for dep_context=non-requeueable deps ti=<TaskInstance: air_quality.response manual__2023-12-14T12:19:02.268273+00:00 [queued]>
[2023-12-14T12:19:03.527+0000] {taskinstance.py:1159} INFO - Dependencies all met for dep_context=requeueable deps ti=<TaskInstance: air_quality.response manual__2023-12-14T12:19:02.268273+00:00 [queued]>
[2023-12-14T12:19:03.528+0000] {taskinstance.py:1361} INFO - Starting attempt 1 of 2
[2023-12-14T12:19:03.545+0000] {taskinstance.py:1382} INFO - Executing <Task(_PythonDecoratedOperator): response> on 2023-12-14 12:19:02.268273+00:00
[2023-12-14T12:19:03.550+0000] {standard_task_runner.py:57} INFO - Started process 680 to run task
[2023-12-14T12:19:03.554+0000] {standard_task_runner.py:84} INFO - Running: ['***', 'tasks', 'run', 'air_quality', 'response', 'manual__2023-12-14T12:19:02.268273+00:00', '--job-id', '33', '--raw', '--subdir', 'DAGS_FOLDER/airQuality.py', '--cfg-path', '/tmp/tmp1sjkfjp3']
[2023-12-14T12:19:03.555+0000] {standard_task_runner.py:85} INFO - Job 33: Subtask response
[2023-12-14T12:19:03.636+0000] {logging_mixin.py:154} INFO - Changing /opt/***/logs/dag_id=air_quality/run_id=manual__2023-12-14T12:19:02.268273+00:00/task_id=response permission to 509
[2023-12-14T12:19:03.637+0000] {logging_mixin.py:154} INFO - Failed to change /opt/***/logs/dag_id=air_quality/run_id=manual__2023-12-14T12:19:02.268273+00:00/task_id=response permission to 509: [Errno 1] Operation not permitted: '/opt/***/logs/dag_id=air_quality/run_id=manual__2023-12-14T12:19:02.268273+00:00/task_id=response'
[2023-12-14T12:19:03.640+0000] {task_command.py:416} INFO - Running <TaskInstance: air_quality.response manual__2023-12-14T12:19:02.268273+00:00 [running]> on host d739bc9bef06
[2023-12-14T12:19:03.731+0000] {taskinstance.py:1662} INFO - Exporting env vars: AIRFLOW_CTX_DAG_OWNER='ghifari' AIRFLOW_CTX_DAG_ID='air_quality' AIRFLOW_CTX_TASK_ID='response' AIRFLOW_CTX_EXECUTION_DATE='2023-12-14T12:19:02.268273+00:00' AIRFLOW_CTX_TRY_NUMBER='1' AIRFLOW_CTX_DAG_RUN_ID='manual__2023-12-14T12:19:02.268273+00:00'
[2023-12-14T12:19:03.733+0000] {logging_mixin.py:154} INFO - <Task(SimpleHttpOperator): response>
[2023-12-14T12:19:03.733+0000] {python.py:194} INFO - Done. Returned value was: <Task(SimpleHttpOperator): response>
[2023-12-14T12:19:03.743+0000] {xcom.py:661} ERROR - Object of type SimpleHttpOperator is not JSON serializable. If you are using pickle instead of JSON for XCom, then you need to enable pickle support for XCom in your *** config or make sure to decorate your object with attr.
[2023-12-14T12:19:03.745+0000] {taskinstance.py:1937} ERROR - Task failed with exception
Traceback (most recent call last):
  File "/home/airflow/.local/lib/python3.8/site-packages/airflow/utils/json.py", line 91, in default
    return serialize(o)
  File "/home/airflow/.local/lib/python3.8/site-packages/airflow/serialization/serde.py", line 178, in serialize
    raise TypeError(f"cannot serialize object of type {cls}")
TypeError: cannot serialize object of type <class '***.providers.http.operators.http.SimpleHttpOperator'>

During handling of the above exception, another exception occurred:

Traceback (most recent call last):
  File "/home/airflow/.local/lib/python3.8/site-packages/airflow/utils/session.py", line 76, in wrapper
    return func(*args, **kwargs)
  File "/home/airflow/.local/lib/python3.8/site-packages/airflow/models/taskinstance.py", line 2479, in xcom_push
    XCom.set(
  File "/home/airflow/.local/lib/python3.8/site-packages/airflow/utils/session.py", line 76, in wrapper
    return func(*args, **kwargs)
  File "/home/airflow/.local/lib/python3.8/site-packages/airflow/models/xcom.py", line 244, in set
    value = cls.serialize_value(
  File "/home/airflow/.local/lib/python3.8/site-packages/airflow/models/xcom.py", line 659, in serialize_value
    return json.dumps(value, cls=XComEncoder).encode("UTF-8")
  File "/usr/local/lib/python3.8/json/__init__.py", line 234, in dumps
    return cls(
  File "/home/airflow/.local/lib/python3.8/site-packages/airflow/utils/json.py", line 104, in encode
    return super().encode(o)
  File "/usr/local/lib/python3.8/json/encoder.py", line 199, in encode
    chunks = self.iterencode(o, _one_shot=True)
  File "/usr/local/lib/python3.8/json/encoder.py", line 257, in iterencode
    return _iterencode(o, 0)
  File "/home/airflow/.local/lib/python3.8/site-packages/airflow/utils/json.py", line 93, in default
    return super().default(o)
  File "/usr/local/lib/python3.8/json/encoder.py", line 179, in default
    raise TypeError(f'Object of type {o.__class__.__name__} '
TypeError: Object of type SimpleHttpOperator is not JSON serializable
[2023-12-14T12:19:03.755+0000] {taskinstance.py:1400} INFO - Marking task as UP_FOR_RETRY. dag_id=air_quality, task_id=response, execution_date=20231214T121902, start_date=20231214T121903, end_date=20231214T121903
[2023-12-14T12:19:03.770+0000] {standard_task_runner.py:104} ERROR - Failed to execute job 33 for task response (Object of type SimpleHttpOperator is not JSON serializable; 680)
[2023-12-14T12:19:03.807+0000] {local_task_job_runner.py:228} INFO - Task exited with return code 1
[2023-12-14T12:19:03.842+0000] {taskinstance.py:2778} INFO - 0 downstream tasks scheduled from follow-on schedule check
