[2023-12-28T16:52:16.370+0000] {logging_mixin.py:154} INFO - Changing /opt/***/logs/dag_id=air_quality/run_id=scheduled__2023-12-19T04:00:00+00:00/task_id=CheckTable permission to 509
[2023-12-28T16:52:16.372+0000] {logging_mixin.py:154} INFO - Failed to change /opt/***/logs/dag_id=air_quality/run_id=scheduled__2023-12-19T04:00:00+00:00/task_id=CheckTable permission to 509: [Errno 1] Operation not permitted: '/opt/***/logs/dag_id=air_quality/run_id=scheduled__2023-12-19T04:00:00+00:00/task_id=CheckTable'
[2023-12-28T16:52:16.564+0000] {logging_mixin.py:154} INFO - Changing /opt/***/logs/dag_id=air_quality/run_id=scheduled__2023-12-19T04:00:00+00:00/task_id=CheckTable permission to 509
[2023-12-28T16:52:16.566+0000] {logging_mixin.py:154} INFO - Failed to change /opt/***/logs/dag_id=air_quality/run_id=scheduled__2023-12-19T04:00:00+00:00/task_id=CheckTable permission to 509: [Errno 1] Operation not permitted: '/opt/***/logs/dag_id=air_quality/run_id=scheduled__2023-12-19T04:00:00+00:00/task_id=CheckTable'
[2023-12-28T16:52:16.738+0000] {taskinstance.py:1159} INFO - Dependencies all met for dep_context=non-requeueable deps ti=<TaskInstance: air_quality.CheckTable scheduled__2023-12-19T04:00:00+00:00 [queued]>
[2023-12-28T16:52:16.858+0000] {taskinstance.py:1159} INFO - Dependencies all met for dep_context=requeueable deps ti=<TaskInstance: air_quality.CheckTable scheduled__2023-12-19T04:00:00+00:00 [queued]>
[2023-12-28T16:52:16.873+0000] {taskinstance.py:1361} INFO - Starting attempt 1 of 2
[2023-12-28T16:52:16.992+0000] {taskinstance.py:1382} INFO - Executing <Task(BranchPythonOperator): CheckTable> on 2023-12-19 04:00:00+00:00
[2023-12-28T16:52:17.008+0000] {standard_task_runner.py:57} INFO - Started process 421 to run task
[2023-12-28T16:52:17.049+0000] {standard_task_runner.py:84} INFO - Running: ['***', 'tasks', 'run', 'air_quality', 'CheckTable', 'scheduled__2023-12-19T04:00:00+00:00', '--job-id', '931', '--raw', '--subdir', 'DAGS_FOLDER/airQuality.py', '--cfg-path', '/tmp/tmp12i2w_oc']
[2023-12-28T16:52:17.076+0000] {standard_task_runner.py:85} INFO - Job 931: Subtask CheckTable
[2023-12-28T16:52:17.463+0000] {logging_mixin.py:154} INFO - Changing /opt/***/logs/dag_id=air_quality/run_id=scheduled__2023-12-19T04:00:00+00:00/task_id=CheckTable permission to 509
[2023-12-28T16:52:17.470+0000] {logging_mixin.py:154} INFO - Failed to change /opt/***/logs/dag_id=air_quality/run_id=scheduled__2023-12-19T04:00:00+00:00/task_id=CheckTable permission to 509: [Errno 1] Operation not permitted: '/opt/***/logs/dag_id=air_quality/run_id=scheduled__2023-12-19T04:00:00+00:00/task_id=CheckTable'
[2023-12-28T16:52:17.479+0000] {task_command.py:416} INFO - Running <TaskInstance: air_quality.CheckTable scheduled__2023-12-19T04:00:00+00:00 [running]> on host d67dd4682ccf
[2023-12-28T16:52:17.965+0000] {taskinstance.py:1662} INFO - Exporting env vars: AIRFLOW_CTX_DAG_OWNER='ghifari' AIRFLOW_CTX_DAG_ID='air_quality' AIRFLOW_CTX_TASK_ID='CheckTable' AIRFLOW_CTX_EXECUTION_DATE='2023-12-19T04:00:00+00:00' AIRFLOW_CTX_TRY_NUMBER='1' AIRFLOW_CTX_DAG_RUN_ID='scheduled__2023-12-19T04:00:00+00:00'
[2023-12-28T16:52:18.013+0000] {airQuality.py:183} INFO - Table Created: 
        CREATE TABLE air_quality (
            id serial primary key, 
            city varchar(250),
            country varchar(250), 
            unit varchar(20), 
            last_value float8, 
            lat float8,
            lng float8
        )
    
[2023-12-28T16:52:18.021+0000] {python.py:194} INFO - Done. Returned value was: Insert_Data
[2023-12-28T16:52:18.022+0000] {python.py:227} INFO - Branch callable return Insert_Data
[2023-12-28T16:52:18.023+0000] {skipmixin.py:173} INFO - Following branch Insert_Data
[2023-12-28T16:52:18.054+0000] {skipmixin.py:239} INFO - Skipping tasks []
[2023-12-28T16:52:18.267+0000] {taskinstance.py:1400} INFO - Marking task as SUCCESS. dag_id=air_quality, task_id=CheckTable, execution_date=20231219T040000, start_date=20231228T165216, end_date=20231228T165218
[2023-12-28T16:52:18.779+0000] {local_task_job_runner.py:228} INFO - Task exited with return code 0
[2023-12-28T16:52:19.888+0000] {taskinstance.py:2784} INFO - Skipping mini scheduling run due to exception: UPDATE task_instance SET state=%(state)s, updated_at=%(updated_at)s WHERE task_instance.dag_id = %(dag_id_1)s AND task_instance.run_id = %(run_id_1)s AND (task_instance.task_id, task_instance.map_index) IN ((%(param_1_1_1)s, %(param_1_1_2)s))
Traceback (most recent call last):
  File "/home/airflow/.local/lib/python3.8/site-packages/sqlalchemy/engine/base.py", line 1910, in _execute_context
    self.dialect.do_execute(
  File "/home/airflow/.local/lib/python3.8/site-packages/sqlalchemy/engine/default.py", line 736, in do_execute
    cursor.execute(statement, parameters)
psycopg2.errors.DeadlockDetected: deadlock detected
DETAIL:  Process 3816 waits for ShareLock on transaction 217085; blocked by process 114.
Process 114 waits for ShareLock on transaction 217083; blocked by process 3816.
HINT:  See server log for query details.
CONTEXT:  while updating tuple (8,24) in relation "task_instance"


The above exception was the direct cause of the following exception:

Traceback (most recent call last):
  File "/home/airflow/.local/lib/python3.8/site-packages/airflow/models/taskinstance.py", line 2777, in schedule_downstream_tasks
    num = dag_run.schedule_tis(schedulable_tis, session=session, max_tis_per_query=max_tis_per_query)
  File "/home/airflow/.local/lib/python3.8/site-packages/airflow/utils/session.py", line 76, in wrapper
    return func(*args, **kwargs)
  File "/home/airflow/.local/lib/python3.8/site-packages/airflow/models/dagrun.py", line 1346, in schedule_tis
    count += session.execute(
  File "/home/airflow/.local/lib/python3.8/site-packages/sqlalchemy/orm/session.py", line 1717, in execute
    result = conn._execute_20(statement, params or {}, execution_options)
  File "/home/airflow/.local/lib/python3.8/site-packages/sqlalchemy/engine/base.py", line 1710, in _execute_20
    return meth(self, args_10style, kwargs_10style, execution_options)
  File "/home/airflow/.local/lib/python3.8/site-packages/sqlalchemy/sql/elements.py", line 334, in _execute_on_connection
    return connection._execute_clauseelement(
  File "/home/airflow/.local/lib/python3.8/site-packages/sqlalchemy/engine/base.py", line 1577, in _execute_clauseelement
    ret = self._execute_context(
  File "/home/airflow/.local/lib/python3.8/site-packages/sqlalchemy/engine/base.py", line 1953, in _execute_context
    self._handle_dbapi_exception(
  File "/home/airflow/.local/lib/python3.8/site-packages/sqlalchemy/engine/base.py", line 2134, in _handle_dbapi_exception
    util.raise_(
  File "/home/airflow/.local/lib/python3.8/site-packages/sqlalchemy/util/compat.py", line 211, in raise_
    raise exception
  File "/home/airflow/.local/lib/python3.8/site-packages/sqlalchemy/engine/base.py", line 1910, in _execute_context
    self.dialect.do_execute(
  File "/home/airflow/.local/lib/python3.8/site-packages/sqlalchemy/engine/default.py", line 736, in do_execute
    cursor.execute(statement, parameters)
sqlalchemy.exc.OperationalError: (psycopg2.errors.DeadlockDetected) deadlock detected
DETAIL:  Process 3816 waits for ShareLock on transaction 217085; blocked by process 114.
Process 114 waits for ShareLock on transaction 217083; blocked by process 3816.
HINT:  See server log for query details.
CONTEXT:  while updating tuple (8,24) in relation "task_instance"

[SQL: UPDATE task_instance SET state=%(state)s, updated_at=%(updated_at)s WHERE task_instance.dag_id = %(dag_id_1)s AND task_instance.run_id = %(run_id_1)s AND (task_instance.task_id, task_instance.map_index) IN ((%(param_1_1_1)s, %(param_1_1_2)s))]
[parameters: {'state': <TaskInstanceState.SCHEDULED: 'scheduled'>, 'updated_at': datetime.datetime(2023, 12, 28, 16, 52, 18, 885577, tzinfo=Timezone('UTC')), 'dag_id_1': 'air_quality', 'run_id_1': 'scheduled__2023-12-19T04:00:00+00:00', 'param_1_1_1': 'Insert_Data', 'param_1_1_2': -1}]
(Background on this error at: https://sqlalche.me/e/14/e3q8)
[2023-12-28T16:55:18.423+0000] {logging_mixin.py:154} INFO - Changing /opt/***/logs/dag_id=air_quality/run_id=scheduled__2023-12-19T04:00:00+00:00/task_id=CheckTable permission to 509
[2023-12-28T16:55:18.431+0000] {logging_mixin.py:154} INFO - Failed to change /opt/***/logs/dag_id=air_quality/run_id=scheduled__2023-12-19T04:00:00+00:00/task_id=CheckTable permission to 509: [Errno 1] Operation not permitted: '/opt/***/logs/dag_id=air_quality/run_id=scheduled__2023-12-19T04:00:00+00:00/task_id=CheckTable'
[2023-12-28T16:55:18.691+0000] {logging_mixin.py:154} INFO - Changing /opt/***/logs/dag_id=air_quality/run_id=scheduled__2023-12-19T04:00:00+00:00/task_id=CheckTable permission to 509
[2023-12-28T16:55:18.693+0000] {logging_mixin.py:154} INFO - Failed to change /opt/***/logs/dag_id=air_quality/run_id=scheduled__2023-12-19T04:00:00+00:00/task_id=CheckTable permission to 509: [Errno 1] Operation not permitted: '/opt/***/logs/dag_id=air_quality/run_id=scheduled__2023-12-19T04:00:00+00:00/task_id=CheckTable'
[2023-12-28T16:55:18.855+0000] {taskinstance.py:1159} INFO - Dependencies all met for dep_context=non-requeueable deps ti=<TaskInstance: air_quality.CheckTable scheduled__2023-12-19T04:00:00+00:00 [queued]>
[2023-12-28T16:55:18.927+0000] {taskinstance.py:1159} INFO - Dependencies all met for dep_context=requeueable deps ti=<TaskInstance: air_quality.CheckTable scheduled__2023-12-19T04:00:00+00:00 [queued]>
[2023-12-28T16:55:18.929+0000] {taskinstance.py:1361} INFO - Starting attempt 1 of 2
[2023-12-28T16:55:19.123+0000] {taskinstance.py:1382} INFO - Executing <Task(BranchPythonOperator): CheckTable> on 2023-12-19 04:00:00+00:00
[2023-12-28T16:55:19.167+0000] {standard_task_runner.py:57} INFO - Started process 1385 to run task
[2023-12-28T16:55:19.180+0000] {standard_task_runner.py:84} INFO - Running: ['***', 'tasks', 'run', 'air_quality', 'CheckTable', 'scheduled__2023-12-19T04:00:00+00:00', '--job-id', '1173', '--raw', '--subdir', 'DAGS_FOLDER/airQuality.py', '--cfg-path', '/tmp/tmpgx4k3y1v']
[2023-12-28T16:55:19.205+0000] {standard_task_runner.py:85} INFO - Job 1173: Subtask CheckTable
[2023-12-28T16:55:19.464+0000] {logging_mixin.py:154} INFO - Changing /opt/***/logs/dag_id=air_quality/run_id=scheduled__2023-12-19T04:00:00+00:00/task_id=CheckTable permission to 509
[2023-12-28T16:55:19.473+0000] {logging_mixin.py:154} INFO - Failed to change /opt/***/logs/dag_id=air_quality/run_id=scheduled__2023-12-19T04:00:00+00:00/task_id=CheckTable permission to 509: [Errno 1] Operation not permitted: '/opt/***/logs/dag_id=air_quality/run_id=scheduled__2023-12-19T04:00:00+00:00/task_id=CheckTable'
[2023-12-28T16:55:19.490+0000] {task_command.py:416} INFO - Running <TaskInstance: air_quality.CheckTable scheduled__2023-12-19T04:00:00+00:00 [running]> on host d67dd4682ccf
[2023-12-28T16:55:19.891+0000] {taskinstance.py:1662} INFO - Exporting env vars: AIRFLOW_CTX_DAG_OWNER='ghifari' AIRFLOW_CTX_DAG_ID='air_quality' AIRFLOW_CTX_TASK_ID='CheckTable' AIRFLOW_CTX_EXECUTION_DATE='2023-12-19T04:00:00+00:00' AIRFLOW_CTX_TRY_NUMBER='1' AIRFLOW_CTX_DAG_RUN_ID='scheduled__2023-12-19T04:00:00+00:00'
[2023-12-28T16:55:19.939+0000] {airQuality.py:183} INFO - Table Created: 
        CREATE TABLE air_quality (
            id serial primary key, 
            city varchar(250),
            country varchar(250), 
            unit varchar(20), 
            last_value float8, 
            lat float8,
            lng float8
        )
    
[2023-12-28T16:55:19.952+0000] {python.py:194} INFO - Done. Returned value was: Insert_Data
[2023-12-28T16:55:19.962+0000] {python.py:227} INFO - Branch callable return Insert_Data
[2023-12-28T16:55:19.964+0000] {skipmixin.py:173} INFO - Following branch Insert_Data
[2023-12-28T16:55:20.023+0000] {skipmixin.py:239} INFO - Skipping tasks []
[2023-12-28T16:55:20.331+0000] {taskinstance.py:1400} INFO - Marking task as SUCCESS. dag_id=air_quality, task_id=CheckTable, execution_date=20231219T040000, start_date=20231228T165518, end_date=20231228T165520
[2023-12-28T16:55:20.477+0000] {local_task_job_runner.py:228} INFO - Task exited with return code 0
[2023-12-28T16:55:20.632+0000] {taskinstance.py:2778} INFO - 1 downstream tasks scheduled from follow-on schedule check
